D:\project\1-new\Company_WebApi\Company_WebApi\Client\dist\out-tsc\app\common\constants\api-constants.js
D:\project\1-new\Company_WebApi\Company_WebApi\Client\dist\out-tsc\app\common\constants\api-constants.js.map
D:\project\1-new\Company_WebApi\Company_WebApi\Client\dist\out-tsc\app\common\constants\app-constants.js
D:\project\1-new\Company_WebApi\Company_WebApi\Client\dist\out-tsc\app\common\constants\app-constants.js.map
D:\project\1-new\Company_WebApi\Company_WebApi\Client\dist\out-tsc\app\components\add-edit\add-edit.component.js
D:\project\1-new\Company_WebApi\Company_WebApi\Client\dist\out-tsc\app\components\add-edit\add-edit.component.js.map
D:\project\1-new\Company_WebApi\Company_WebApi\Client\dist\out-tsc\app\common\model\i-field-config.js
D:\project\1-new\Company_WebApi\Company_WebApi\Client\dist\out-tsc\app\common\model\i-field-config.js.map
D:\project\1-new\Company_WebApi\Company_WebApi\Client\dist\out-tsc\app\common\model\RequestBody.js
D:\project\1-new\Company_WebApi\Company_WebApi\Client\dist\out-tsc\app\common\model\RequestBody.js.map
D:\project\1-new\Company_WebApi\Company_WebApi\Client\dist\out-tsc\app\common\services\api.service.js
D:\project\1-new\Company_WebApi\Company_WebApi\Client\dist\out-tsc\app\common\services\api.service.js.map
D:\project\1-new\Company_WebApi\Company_WebApi\Client\dist\out-tsc\app\common\services\util.service.js
D:\project\1-new\Company_WebApi\Company_WebApi\Client\dist\out-tsc\app\common\services\util.service.js.map
D:\project\1-new\Company_WebApi\Company_WebApi\Client\dist\out-tsc\app\components\add-edit\ae-ctq-master\ae-ctq-master.component.js
D:\project\1-new\Company_WebApi\Company_WebApi\Client\dist\out-tsc\app\components\add-edit\ae-ctq-master\ae-ctq-master.component.js.map
D:\project\1-new\Company_WebApi\Company_WebApi\Client\dist\out-tsc\app\components\add-edit\ae-dummy-po-master\ae-dummy-po-master.component.js
D:\project\1-new\Company_WebApi\Company_WebApi\Client\dist\out-tsc\app\components\add-edit\ae-dummy-po-master\ae-dummy-po-master.component.js.map
D:\project\1-new\Company_WebApi\Company_WebApi\Client\dist\out-tsc\app\components\add-edit\ae-open-po-master\ae-open-po-master.component.js
D:\project\1-new\Company_WebApi\Company_WebApi\Client\dist\out-tsc\app\components\add-edit\ae-open-po-master\ae-open-po-master.component.js.map
D:\project\1-new\Company_WebApi\Company_WebApi\Client\dist\out-tsc\app\components\add-edit\ae-po-master\ae-po-master.component.js
D:\project\1-new\Company_WebApi\Company_WebApi\Client\dist\out-tsc\app\components\add-edit\ae-po-master\ae-po-master.component.js.map
D:\project\1-new\Company_WebApi\Company_WebApi\Client\dist\out-tsc\app\components\admin\admin.component.js
D:\project\1-new\Company_WebApi\Company_WebApi\Client\dist\out-tsc\app\components\admin\admin.component.js.map
D:\project\1-new\Company_WebApi\Company_WebApi\Client\dist\out-tsc\app\components\admin\manage-users\manage-users.component.js
D:\project\1-new\Company_WebApi\Company_WebApi\Client\dist\out-tsc\app\components\admin\manage-users\manage-users.component.js.map
D:\project\1-new\Company_WebApi\Company_WebApi\Client\dist\out-tsc\app\common\services\shared.service.js
D:\project\1-new\Company_WebApi\Company_WebApi\Client\dist\out-tsc\app\common\services\shared.service.js.map
D:\project\1-new\Company_WebApi\Company_WebApi\Client\dist\out-tsc\app\components\admin\user-access\user-access.component.js
D:\project\1-new\Company_WebApi\Company_WebApi\Client\dist\out-tsc\app\components\admin\user-access\user-access.component.js.map
D:\project\1-new\Company_WebApi\Company_WebApi\Client\dist\out-tsc\app\common\components\date-util\customDateAdapter.js
D:\project\1-new\Company_WebApi\Company_WebApi\Client\dist\out-tsc\app\common\components\date-util\customDateAdapter.js.map
D:\project\1-new\Company_WebApi\Company_WebApi\Client\dist\out-tsc\app\common\components\date-util\customDateParserFormatter.js
D:\project\1-new\Company_WebApi\Company_WebApi\Client\dist\out-tsc\app\common\components\date-util\customDateParserFormatter.js.map
D:\project\1-new\Company_WebApi\Company_WebApi\Client\dist\out-tsc\app\common\services\excel.service.js
D:\project\1-new\Company_WebApi\Company_WebApi\Client\dist\out-tsc\app\common\services\excel.service.js.map
D:\project\1-new\Company_WebApi\Company_WebApi\Client\dist\out-tsc\app\components\consolidaton-report\consolidaton-report.component.js
D:\project\1-new\Company_WebApi\Company_WebApi\Client\dist\out-tsc\app\components\consolidaton-report\consolidaton-report.component.js.map
D:\project\1-new\Company_WebApi\Company_WebApi\Client\dist\out-tsc\app\components\demo\add-grn\add-grn.component.js
D:\project\1-new\Company_WebApi\Company_WebApi\Client\dist\out-tsc\app\components\demo\add-grn\add-grn.component.js.map
D:\project\1-new\Company_WebApi\Company_WebApi\Client\dist\out-tsc\app\components\demo\add-loc\add-loc.component.js
D:\project\1-new\Company_WebApi\Company_WebApi\Client\dist\out-tsc\app\components\demo\add-loc\add-loc.component.js.map
D:\project\1-new\Company_WebApi\Company_WebApi\Client\dist\out-tsc\app\components\demo\grn-master\grn-master.component.js
D:\project\1-new\Company_WebApi\Company_WebApi\Client\dist\out-tsc\app\components\demo\grn-master\grn-master.component.js.map
D:\project\1-new\Company_WebApi\Company_WebApi\Client\dist\out-tsc\app\components\demo\load-grn\load-grn.component.js
D:\project\1-new\Company_WebApi\Company_WebApi\Client\dist\out-tsc\app\components\demo\load-grn\load-grn.component.js.map
D:\project\1-new\Company_WebApi\Company_WebApi\Client\dist\out-tsc\app\components\demo\loc-master\loc-master.component.js
D:\project\1-new\Company_WebApi\Company_WebApi\Client\dist\out-tsc\app\components\demo\loc-master\loc-master.component.js.map
D:\project\1-new\Company_WebApi\Company_WebApi\Client\dist\out-tsc\app\components\demo\qr-print-grn\qr-print-grn.component.js
D:\project\1-new\Company_WebApi\Company_WebApi\Client\dist\out-tsc\app\components\demo\qr-print-grn\qr-print-grn.component.js.map
D:\project\1-new\Company_WebApi\Company_WebApi\Client\dist\out-tsc\app\components\demo\qr-print-loc\qr-print-loc.component.js
D:\project\1-new\Company_WebApi\Company_WebApi\Client\dist\out-tsc\app\components\demo\qr-print-loc\qr-print-loc.component.js.map
D:\project\1-new\Company_WebApi\Company_WebApi\Client\dist\out-tsc\app\common\components\cell-renderer\btn-cell-renderer.js
D:\project\1-new\Company_WebApi\Company_WebApi\Client\dist\out-tsc\app\common\components\cell-renderer\btn-cell-renderer.js.map
D:\project\1-new\Company_WebApi\Company_WebApi\Client\dist\out-tsc\app\components\dummy-nesting\dummy-nesting.component.js
D:\project\1-new\Company_WebApi\Company_WebApi\Client\dist\out-tsc\app\components\dummy-nesting\dummy-nesting.component.js.map
D:\project\1-new\Company_WebApi\Company_WebApi\Client\dist\out-tsc\app\components\excel-export\ee-ctq-master\ee-ctq-master.component.js
D:\project\1-new\Company_WebApi\Company_WebApi\Client\dist\out-tsc\app\components\excel-export\ee-ctq-master\ee-ctq-master.component.js.map
D:\project\1-new\Company_WebApi\Company_WebApi\Client\dist\out-tsc\app\components\excel-export\excel-export.component.js
D:\project\1-new\Company_WebApi\Company_WebApi\Client\dist\out-tsc\app\components\excel-export\excel-export.component.js.map
D:\project\1-new\Company_WebApi\Company_WebApi\Client\dist\out-tsc\app\components\home\home.component.js
D:\project\1-new\Company_WebApi\Company_WebApi\Client\dist\out-tsc\app\components\home\home.component.js.map
D:\project\1-new\Company_WebApi\Company_WebApi\Client\dist\out-tsc\app\common\components\action-cell-renderer\action-cell-renderer.component.js
D:\project\1-new\Company_WebApi\Company_WebApi\Client\dist\out-tsc\app\common\components\action-cell-renderer\action-cell-renderer.component.js.map
D:\project\1-new\Company_WebApi\Company_WebApi\Client\dist\out-tsc\app\common\components\media-cell-renderer\media-cell-renderer.component.js
D:\project\1-new\Company_WebApi\Company_WebApi\Client\dist\out-tsc\app\common\components\media-cell-renderer\media-cell-renderer.component.js.map
D:\project\1-new\Company_WebApi\Company_WebApi\Client\dist\out-tsc\app\components\item-image-upload\item-image-upload.component.js
D:\project\1-new\Company_WebApi\Company_WebApi\Client\dist\out-tsc\app\components\item-image-upload\item-image-upload.component.js.map
D:\project\1-new\Company_WebApi\Company_WebApi\Client\dist\out-tsc\app\components\login\login.component.js
D:\project\1-new\Company_WebApi\Company_WebApi\Client\dist\out-tsc\app\components\login\login.component.js.map
D:\project\1-new\Company_WebApi\Company_WebApi\Client\dist\out-tsc\app\components\missing-list\missing-list.component.js
D:\project\1-new\Company_WebApi\Company_WebApi\Client\dist\out-tsc\app\components\missing-list\missing-list.component.js.map
D:\project\1-new\Company_WebApi\Company_WebApi\Client\dist\out-tsc\app\components\nesting\nesting.component.js
D:\project\1-new\Company_WebApi\Company_WebApi\Client\dist\out-tsc\app\components\nesting\nesting.component.js.map
D:\project\1-new\Company_WebApi\Company_WebApi\Client\dist\out-tsc\app\common\components\cell-renderer\anchor-cell-renderer.js
D:\project\1-new\Company_WebApi\Company_WebApi\Client\dist\out-tsc\app\common\components\cell-renderer\anchor-cell-renderer.js.map
D:\project\1-new\Company_WebApi\Company_WebApi\Client\dist\out-tsc\app\components\po-approval\po-approval.component.js
D:\project\1-new\Company_WebApi\Company_WebApi\Client\dist\out-tsc\app\components\po-approval\po-approval.component.js.map
D:\project\1-new\Company_WebApi\Company_WebApi\Client\dist\out-tsc\app\components\po-load-day\po-load-day.component.js
D:\project\1-new\Company_WebApi\Company_WebApi\Client\dist\out-tsc\app\components\po-load-day\po-load-day.component.js.map
D:\project\1-new\Company_WebApi\Company_WebApi\Client\dist\out-tsc\app\components\po-loaded\po-loaded.component.js
D:\project\1-new\Company_WebApi\Company_WebApi\Client\dist\out-tsc\app\components\po-loaded\po-loaded.component.js.map
D:\project\1-new\Company_WebApi\Company_WebApi\Client\dist\out-tsc\app\components\qa\ctq-scan\ctq-scan.component.js
D:\project\1-new\Company_WebApi\Company_WebApi\Client\dist\out-tsc\app\components\qa\ctq-scan\ctq-scan.component.js.map
D:\project\1-new\Company_WebApi\Company_WebApi\Client\dist\out-tsc\app\components\qa\item-qa-edit\item-qa-edit.component.js
D:\project\1-new\Company_WebApi\Company_WebApi\Client\dist\out-tsc\app\components\qa\item-qa-edit\item-qa-edit.component.js.map
D:\project\1-new\Company_WebApi\Company_WebApi\Client\dist\out-tsc\app\components\qa\process-signoff\process-signoff.component.js
D:\project\1-new\Company_WebApi\Company_WebApi\Client\dist\out-tsc\app\components\qa\process-signoff\process-signoff.component.js.map
D:\project\1-new\Company_WebApi\Company_WebApi\Client\dist\out-tsc\app\components\qa\tracking-list\tracking-list.component.js
D:\project\1-new\Company_WebApi\Company_WebApi\Client\dist\out-tsc\app\components\qa\tracking-list\tracking-list.component.js.map
D:\project\1-new\Company_WebApi\Company_WebApi\Client\dist\out-tsc\app\components\qr-generate\qr-generate.component.js
D:\project\1-new\Company_WebApi\Company_WebApi\Client\dist\out-tsc\app\components\qr-generate\qr-generate.component.js.map
D:\project\1-new\Company_WebApi\Company_WebApi\Client\dist\out-tsc\app\components\qr\non-laser-print\non-laser-print.component.js
D:\project\1-new\Company_WebApi\Company_WebApi\Client\dist\out-tsc\app\components\qr\non-laser-print\non-laser-print.component.js.map
D:\project\1-new\Company_WebApi\Company_WebApi\Client\dist\out-tsc\app\components\qr\print-qr\print-qr.component.js
D:\project\1-new\Company_WebApi\Company_WebApi\Client\dist\out-tsc\app\components\qr\print-qr\print-qr.component.js.map
D:\project\1-new\Company_WebApi\Company_WebApi\Client\dist\out-tsc\app\components\qr\re-print-qr\re-print-qr.component.js
D:\project\1-new\Company_WebApi\Company_WebApi\Client\dist\out-tsc\app\components\qr\re-print-qr\re-print-qr.component.js.map
D:\project\1-new\Company_WebApi\Company_WebApi\Client\dist\out-tsc\app\components\qr\scan-qr\scan-qr.component.js
D:\project\1-new\Company_WebApi\Company_WebApi\Client\dist\out-tsc\app\components\qr\scan-qr\scan-qr.component.js.map
D:\project\1-new\Company_WebApi\Company_WebApi\Client\dist\out-tsc\app\components\qr\scanned-records\scanned-records.component.js
D:\project\1-new\Company_WebApi\Company_WebApi\Client\dist\out-tsc\app\components\qr\scanned-records\scanned-records.component.js.map
D:\project\1-new\Company_WebApi\Company_WebApi\Client\dist\out-tsc\app\components\upload\ctq-master\ctq-master.component.js
D:\project\1-new\Company_WebApi\Company_WebApi\Client\dist\out-tsc\app\components\upload\ctq-master\ctq-master.component.js.map
D:\project\1-new\Company_WebApi\Company_WebApi\Client\dist\out-tsc\app\components\upload\upload.component.js
D:\project\1-new\Company_WebApi\Company_WebApi\Client\dist\out-tsc\app\components\upload\upload.component.js.map
D:\project\1-new\Company_WebApi\Company_WebApi\Client\dist\out-tsc\app\route.guard.js
D:\project\1-new\Company_WebApi\Company_WebApi\Client\dist\out-tsc\app\route.guard.js.map
D:\project\1-new\Company_WebApi\Company_WebApi\Client\dist\out-tsc\app\app-routing.module.js
D:\project\1-new\Company_WebApi\Company_WebApi\Client\dist\out-tsc\app\app-routing.module.js.map
D:\project\1-new\Company_WebApi\Company_WebApi\Client\dist\out-tsc\app\app.component.js
D:\project\1-new\Company_WebApi\Company_WebApi\Client\dist\out-tsc\app\app.component.js.map
D:\project\1-new\Company_WebApi\Company_WebApi\Client\dist\out-tsc\app\common\model\IFileResponse.js
D:\project\1-new\Company_WebApi\Company_WebApi\Client\dist\out-tsc\app\common\model\IFileResponse.js.map
D:\project\1-new\Company_WebApi\Company_WebApi\Client\dist\out-tsc\app\common\components\file-upload\file-upload.component.js
D:\project\1-new\Company_WebApi\Company_WebApi\Client\dist\out-tsc\app\common\components\file-upload\file-upload.component.js.map
D:\project\1-new\Company_WebApi\Company_WebApi\Client\dist\out-tsc\app\components\header\header.component.js
D:\project\1-new\Company_WebApi\Company_WebApi\Client\dist\out-tsc\app\components\header\header.component.js.map
D:\project\1-new\Company_WebApi\Company_WebApi\Client\dist\out-tsc\app\common\components\ag-grid-date-component\ag-grid-date-component.component.js
D:\project\1-new\Company_WebApi\Company_WebApi\Client\dist\out-tsc\app\common\components\ag-grid-date-component\ag-grid-date-component.component.js.map
D:\project\1-new\Company_WebApi\Company_WebApi\Client\dist\out-tsc\app\common\components\grid\grid.component.js
D:\project\1-new\Company_WebApi\Company_WebApi\Client\dist\out-tsc\app\common\components\grid\grid.component.js.map
D:\project\1-new\Company_WebApi\Company_WebApi\Client\dist\out-tsc\app\common\components\excel-upload\excel-upload.component.js
D:\project\1-new\Company_WebApi\Company_WebApi\Client\dist\out-tsc\app\common\components\excel-upload\excel-upload.component.js.map
D:\project\1-new\Company_WebApi\Company_WebApi\Client\dist\out-tsc\app\components\upload\item-master\item-master.component.js
D:\project\1-new\Company_WebApi\Company_WebApi\Client\dist\out-tsc\app\components\upload\item-master\item-master.component.js.map
D:\project\1-new\Company_WebApi\Company_WebApi\Client\dist\out-tsc\app\common\components\error-message\error-message.component.js
D:\project\1-new\Company_WebApi\Company_WebApi\Client\dist\out-tsc\app\common\components\error-message\error-message.component.js.map
D:\project\1-new\Company_WebApi\Company_WebApi\Client\dist\out-tsc\app\components\add-edit\ae-item-master\ae-item-master.component.js
D:\project\1-new\Company_WebApi\Company_WebApi\Client\dist\out-tsc\app\components\add-edit\ae-item-master\ae-item-master.component.js.map
D:\project\1-new\Company_WebApi\Company_WebApi\Client\dist\out-tsc\app\common\model\i-field.js
D:\project\1-new\Company_WebApi\Company_WebApi\Client\dist\out-tsc\app\common\model\i-field.js.map
D:\project\1-new\Company_WebApi\Company_WebApi\Client\dist\out-tsc\app\common\components\text-box\text-box.component.js
D:\project\1-new\Company_WebApi\Company_WebApi\Client\dist\out-tsc\app\common\components\text-box\text-box.component.js.map
D:\project\1-new\Company_WebApi\Company_WebApi\Client\dist\out-tsc\app\common\components\dynamic-form\dynamic-form.component.js
D:\project\1-new\Company_WebApi\Company_WebApi\Client\dist\out-tsc\app\common\components\dynamic-form\dynamic-form.component.js.map
D:\project\1-new\Company_WebApi\Company_WebApi\Client\dist\out-tsc\app\components\add-edit\ae-customer-master\ae-customer-master.component.js
D:\project\1-new\Company_WebApi\Company_WebApi\Client\dist\out-tsc\app\components\add-edit\ae-customer-master\ae-customer-master.component.js.map
D:\project\1-new\Company_WebApi\Company_WebApi\Client\dist\out-tsc\app\components\upload\customer-master\customer-master.component.js
D:\project\1-new\Company_WebApi\Company_WebApi\Client\dist\out-tsc\app\components\upload\customer-master\customer-master.component.js.map
D:\project\1-new\Company_WebApi\Company_WebApi\Client\dist\out-tsc\app\components\upload\component-master\component-master.component.js
D:\project\1-new\Company_WebApi\Company_WebApi\Client\dist\out-tsc\app\components\upload\component-master\component-master.component.js.map
D:\project\1-new\Company_WebApi\Company_WebApi\Client\dist\out-tsc\app\components\add-edit\ae-component-master\ae-component-master.component.js
D:\project\1-new\Company_WebApi\Company_WebApi\Client\dist\out-tsc\app\components\add-edit\ae-component-master\ae-component-master.component.js.map
D:\project\1-new\Company_WebApi\Company_WebApi\Client\dist\out-tsc\app\components\excel-export\ee-item-master\ee-item-master.component.js
D:\project\1-new\Company_WebApi\Company_WebApi\Client\dist\out-tsc\app\components\excel-export\ee-item-master\ee-item-master.component.js.map
D:\project\1-new\Company_WebApi\Company_WebApi\Client\dist\out-tsc\app\components\excel-export\ee-customer-master\ee-customer-master.component.js
D:\project\1-new\Company_WebApi\Company_WebApi\Client\dist\out-tsc\app\components\excel-export\ee-customer-master\ee-customer-master.component.js.map
D:\project\1-new\Company_WebApi\Company_WebApi\Client\dist\out-tsc\app\components\excel-export\ee-component-master\ee-component-master.component.js
D:\project\1-new\Company_WebApi\Company_WebApi\Client\dist\out-tsc\app\components\excel-export\ee-component-master\ee-component-master.component.js.map
D:\project\1-new\Company_WebApi\Company_WebApi\Client\dist\out-tsc\app\common\components\grid-view\grid-view.component.js
D:\project\1-new\Company_WebApi\Company_WebApi\Client\dist\out-tsc\app\common\components\grid-view\grid-view.component.js.map
D:\project\1-new\Company_WebApi\Company_WebApi\Client\dist\out-tsc\app\components\upload\assembly-master\assembly-master.component.js
D:\project\1-new\Company_WebApi\Company_WebApi\Client\dist\out-tsc\app\components\upload\assembly-master\assembly-master.component.js.map
D:\project\1-new\Company_WebApi\Company_WebApi\Client\dist\out-tsc\app\components\excel-export\ee-assembly-master\ee-assembly-master.component.js
D:\project\1-new\Company_WebApi\Company_WebApi\Client\dist\out-tsc\app\components\excel-export\ee-assembly-master\ee-assembly-master.component.js.map
D:\project\1-new\Company_WebApi\Company_WebApi\Client\dist\out-tsc\app\components\add-edit\ae-assembly-master\ae-assembly-master.component.js
D:\project\1-new\Company_WebApi\Company_WebApi\Client\dist\out-tsc\app\components\add-edit\ae-assembly-master\ae-assembly-master.component.js.map
D:\project\1-new\Company_WebApi\Company_WebApi\Client\dist\out-tsc\app\components\upload\im-raw-mat-master\im-raw-mat-master.component.js
D:\project\1-new\Company_WebApi\Company_WebApi\Client\dist\out-tsc\app\components\upload\im-raw-mat-master\im-raw-mat-master.component.js.map
D:\project\1-new\Company_WebApi\Company_WebApi\Client\dist\out-tsc\app\components\excel-export\ee-im-raw-mat-master\ee-im-raw-mat-master.component.js
D:\project\1-new\Company_WebApi\Company_WebApi\Client\dist\out-tsc\app\components\excel-export\ee-im-raw-mat-master\ee-im-raw-mat-master.component.js.map
D:\project\1-new\Company_WebApi\Company_WebApi\Client\dist\out-tsc\app\components\add-edit\ae-im-raw-mat-master\ae-im-raw-mat-master.component.js
D:\project\1-new\Company_WebApi\Company_WebApi\Client\dist\out-tsc\app\components\add-edit\ae-im-raw-mat-master\ae-im-raw-mat-master.component.js.map
D:\project\1-new\Company_WebApi\Company_WebApi\Client\dist\out-tsc\app\common\components\loader\loader.component.js
D:\project\1-new\Company_WebApi\Company_WebApi\Client\dist\out-tsc\app\common\components\loader\loader.component.js.map
D:\project\1-new\Company_WebApi\Company_WebApi\Client\dist\out-tsc\app\components\upload\price-master\price-master.component.js
D:\project\1-new\Company_WebApi\Company_WebApi\Client\dist\out-tsc\app\components\upload\price-master\price-master.component.js.map
D:\project\1-new\Company_WebApi\Company_WebApi\Client\dist\out-tsc\app\components\upload\po-master\po-master.component.js
D:\project\1-new\Company_WebApi\Company_WebApi\Client\dist\out-tsc\app\components\upload\po-master\po-master.component.js.map
D:\project\1-new\Company_WebApi\Company_WebApi\Client\dist\out-tsc\app\components\excel-export\ee-price-master\ee-price-master.component.js
D:\project\1-new\Company_WebApi\Company_WebApi\Client\dist\out-tsc\app\components\excel-export\ee-price-master\ee-price-master.component.js.map
D:\project\1-new\Company_WebApi\Company_WebApi\Client\dist\out-tsc\app\components\excel-export\ee-po-master\ee-po-master.component.js
D:\project\1-new\Company_WebApi\Company_WebApi\Client\dist\out-tsc\app\components\excel-export\ee-po-master\ee-po-master.component.js.map
D:\project\1-new\Company_WebApi\Company_WebApi\Client\dist\out-tsc\app\components\add-edit\ae-price-master\ae-price-master.component.js
D:\project\1-new\Company_WebApi\Company_WebApi\Client\dist\out-tsc\app\components\add-edit\ae-price-master\ae-price-master.component.js.map
D:\project\1-new\Company_WebApi\Company_WebApi\Client\dist\out-tsc\app\common\components\cr-report\cr-report.component.js
D:\project\1-new\Company_WebApi\Company_WebApi\Client\dist\out-tsc\app\common\components\cr-report\cr-report.component.js.map
D:\project\1-new\Company_WebApi\Company_WebApi\Client\dist\out-tsc\app\components\add-edit\ae-table-master\ae-table-master.component.js
D:\project\1-new\Company_WebApi\Company_WebApi\Client\dist\out-tsc\app\components\add-edit\ae-table-master\ae-table-master.component.js.map
D:\project\1-new\Company_WebApi\Company_WebApi\Client\dist\out-tsc\app\components\add-edit\ae-po-item-code-match\ae-po-item-code-match.component.js
D:\project\1-new\Company_WebApi\Company_WebApi\Client\dist\out-tsc\app\components\add-edit\ae-po-item-code-match\ae-po-item-code-match.component.js.map
D:\project\1-new\Company_WebApi\Company_WebApi\Client\dist\out-tsc\app\components\excel-export\ee-po-item-code-match\ee-po-item-code-match.component.js
D:\project\1-new\Company_WebApi\Company_WebApi\Client\dist\out-tsc\app\components\excel-export\ee-po-item-code-match\ee-po-item-code-match.component.js.map
D:\project\1-new\Company_WebApi\Company_WebApi\Client\dist\out-tsc\app\components\upload\po-item-code-match\po-item-code-match.component.js
D:\project\1-new\Company_WebApi\Company_WebApi\Client\dist\out-tsc\app\components\upload\po-item-code-match\po-item-code-match.component.js.map
D:\project\1-new\Company_WebApi\Company_WebApi\Client\dist\out-tsc\app\components\excel-export\ee-table-master\ee-table-master.component.js
D:\project\1-new\Company_WebApi\Company_WebApi\Client\dist\out-tsc\app\components\excel-export\ee-table-master\ee-table-master.component.js.map
D:\project\1-new\Company_WebApi\Company_WebApi\Client\dist\out-tsc\app\components\dummy-po-upload\dummy-po-upload.component.js
D:\project\1-new\Company_WebApi\Company_WebApi\Client\dist\out-tsc\app\components\dummy-po-upload\dummy-po-upload.component.js.map
D:\project\1-new\Company_WebApi\Company_WebApi\Client\dist\out-tsc\app\components\ae-dummy-po\ae-dummy-po.component.js
D:\project\1-new\Company_WebApi\Company_WebApi\Client\dist\out-tsc\app\components\ae-dummy-po\ae-dummy-po.component.js.map
D:\project\1-new\Company_WebApi\Company_WebApi\Client\dist\out-tsc\app\components\upload\dummy-po-master\dummy-po-master.component.js
D:\project\1-new\Company_WebApi\Company_WebApi\Client\dist\out-tsc\app\components\upload\dummy-po-master\dummy-po-master.component.js.map
D:\project\1-new\Company_WebApi\Company_WebApi\Client\dist\out-tsc\app\components\upload\open-po-master\open-po-master.component.js
D:\project\1-new\Company_WebApi\Company_WebApi\Client\dist\out-tsc\app\components\upload\open-po-master\open-po-master.component.js.map
D:\project\1-new\Company_WebApi\Company_WebApi\Client\dist\out-tsc\app\components\excel-export\ee-open-po-master\ee-open-po-master.component.js
D:\project\1-new\Company_WebApi\Company_WebApi\Client\dist\out-tsc\app\components\excel-export\ee-open-po-master\ee-open-po-master.component.js.map
D:\project\1-new\Company_WebApi\Company_WebApi\Client\dist\out-tsc\app\components\excel-export\ee-dummy-po-master\ee-dummy-po-master.component.js
D:\project\1-new\Company_WebApi\Company_WebApi\Client\dist\out-tsc\app\components\excel-export\ee-dummy-po-master\ee-dummy-po-master.component.js.map
D:\project\1-new\Company_WebApi\Company_WebApi\Client\dist\out-tsc\app\components\nesting-upload\nesting-upload.component.js
D:\project\1-new\Company_WebApi\Company_WebApi\Client\dist\out-tsc\app\components\nesting-upload\nesting-upload.component.js.map
D:\project\1-new\Company_WebApi\Company_WebApi\Client\dist\out-tsc\app\components\excel-export\ee-nesting-master\ee-nesting-master.component.js
D:\project\1-new\Company_WebApi\Company_WebApi\Client\dist\out-tsc\app\components\excel-export\ee-nesting-master\ee-nesting-master.component.js.map
D:\project\1-new\Company_WebApi\Company_WebApi\Client\dist\out-tsc\app\components\upload\bi-master\bi-master.component.js
D:\project\1-new\Company_WebApi\Company_WebApi\Client\dist\out-tsc\app\components\upload\bi-master\bi-master.component.js.map
D:\project\1-new\Company_WebApi\Company_WebApi\Client\dist\out-tsc\app\components\add-edit\ae-bi-master\ae-bi-master.component.js
D:\project\1-new\Company_WebApi\Company_WebApi\Client\dist\out-tsc\app\components\add-edit\ae-bi-master\ae-bi-master.component.js.map
D:\project\1-new\Company_WebApi\Company_WebApi\Client\dist\out-tsc\app\components\excel-export\ee-bi-master\ee-bi-master.component.js
D:\project\1-new\Company_WebApi\Company_WebApi\Client\dist\out-tsc\app\components\excel-export\ee-bi-master\ee-bi-master.component.js.map
D:\project\1-new\Company_WebApi\Company_WebApi\Client\dist\out-tsc\app\app.module.js
D:\project\1-new\Company_WebApi\Company_WebApi\Client\dist\out-tsc\app\app.module.js.map
D:\project\1-new\Company_WebApi\Company_WebApi\Client\dist\out-tsc\environments\environment.js
D:\project\1-new\Company_WebApi\Company_WebApi\Client\dist\out-tsc\environments\environment.js.map
D:\project\1-new\Company_WebApi\Company_WebApi\Client\dist\out-tsc\main.js
D:\project\1-new\Company_WebApi\Company_WebApi\Client\dist\out-tsc\main.js.map
D:\project\1-new\Company_WebApi\Company_WebApi\Client\dist\out-tsc\polyfills.js
D:\project\1-new\Company_WebApi\Company_WebApi\Client\dist\out-tsc\polyfills.js.map
D:\project\1-new\Company_WebApi\Company_WebApi\Client\dist\out-tsc\test.js
D:\project\1-new\Company_WebApi\Company_WebApi\Client\dist\out-tsc\test.js.map
D:\project\1-new\Company_WebApi\Company_WebApi\Client\dist\out-tsc\app\app.component.spec.js
D:\project\1-new\Company_WebApi\Company_WebApi\Client\dist\out-tsc\app\app.component.spec.js.map
D:\project\1-new\Company_WebApi\Company_WebApi\Client\dist\out-tsc\app\route.guard.spec.js
D:\project\1-new\Company_WebApi\Company_WebApi\Client\dist\out-tsc\app\route.guard.spec.js.map
D:\project\1-new\Company_WebApi\Company_WebApi\Client\dist\out-tsc\app\common\components\action-cell-renderer\action-cell-renderer.component.spec.js
D:\project\1-new\Company_WebApi\Company_WebApi\Client\dist\out-tsc\app\common\components\action-cell-renderer\action-cell-renderer.component.spec.js.map
D:\project\1-new\Company_WebApi\Company_WebApi\Client\dist\out-tsc\app\common\components\ag-grid-date-component\ag-grid-date-component.component.spec.js
D:\project\1-new\Company_WebApi\Company_WebApi\Client\dist\out-tsc\app\common\components\ag-grid-date-component\ag-grid-date-component.component.spec.js.map
D:\project\1-new\Company_WebApi\Company_WebApi\Client\dist\out-tsc\app\common\components\cr-report\cr-report.component.spec.js
D:\project\1-new\Company_WebApi\Company_WebApi\Client\dist\out-tsc\app\common\components\cr-report\cr-report.component.spec.js.map
D:\project\1-new\Company_WebApi\Company_WebApi\Client\dist\out-tsc\app\common\components\dynamic-form\dynamic-form.component.spec.js
D:\project\1-new\Company_WebApi\Company_WebApi\Client\dist\out-tsc\app\common\components\dynamic-form\dynamic-form.component.spec.js.map
D:\project\1-new\Company_WebApi\Company_WebApi\Client\dist\out-tsc\app\common\components\error-message\error-message.component.spec.js
D:\project\1-new\Company_WebApi\Company_WebApi\Client\dist\out-tsc\app\common\components\error-message\error-message.component.spec.js.map
D:\project\1-new\Company_WebApi\Company_WebApi\Client\dist\out-tsc\app\common\components\excel-upload\excel-upload.component.spec.js
D:\project\1-new\Company_WebApi\Company_WebApi\Client\dist\out-tsc\app\common\components\excel-upload\excel-upload.component.spec.js.map
D:\project\1-new\Company_WebApi\Company_WebApi\Client\dist\out-tsc\app\common\components\file-upload\file-upload.component.spec.js
D:\project\1-new\Company_WebApi\Company_WebApi\Client\dist\out-tsc\app\common\components\file-upload\file-upload.component.spec.js.map
D:\project\1-new\Company_WebApi\Company_WebApi\Client\dist\out-tsc\app\common\components\grid\grid.component.spec.js
D:\project\1-new\Company_WebApi\Company_WebApi\Client\dist\out-tsc\app\common\components\grid\grid.component.spec.js.map
D:\project\1-new\Company_WebApi\Company_WebApi\Client\dist\out-tsc\app\common\components\grid-view\grid-view.component.spec.js
D:\project\1-new\Company_WebApi\Company_WebApi\Client\dist\out-tsc\app\common\components\grid-view\grid-view.component.spec.js.map
D:\project\1-new\Company_WebApi\Company_WebApi\Client\dist\out-tsc\app\common\components\loader\loader.component.spec.js
D:\project\1-new\Company_WebApi\Company_WebApi\Client\dist\out-tsc\app\common\components\loader\loader.component.spec.js.map
D:\project\1-new\Company_WebApi\Company_WebApi\Client\dist\out-tsc\app\common\components\media-cell-renderer\media-cell-renderer.component.spec.js
D:\project\1-new\Company_WebApi\Company_WebApi\Client\dist\out-tsc\app\common\components\media-cell-renderer\media-cell-renderer.component.spec.js.map
D:\project\1-new\Company_WebApi\Company_WebApi\Client\dist\out-tsc\app\common\components\text-box\text-box.component.spec.js
D:\project\1-new\Company_WebApi\Company_WebApi\Client\dist\out-tsc\app\common\components\text-box\text-box.component.spec.js.map
D:\project\1-new\Company_WebApi\Company_WebApi\Client\dist\out-tsc\app\common\model\i-field-validator.js
D:\project\1-new\Company_WebApi\Company_WebApi\Client\dist\out-tsc\app\common\model\i-field-validator.js.map
D:\project\1-new\Company_WebApi\Company_WebApi\Client\dist\out-tsc\app\common\services\api.service.spec.js
D:\project\1-new\Company_WebApi\Company_WebApi\Client\dist\out-tsc\app\common\services\api.service.spec.js.map
D:\project\1-new\Company_WebApi\Company_WebApi\Client\dist\out-tsc\app\common\services\excel.service.spec.js
D:\project\1-new\Company_WebApi\Company_WebApi\Client\dist\out-tsc\app\common\services\excel.service.spec.js.map
D:\project\1-new\Company_WebApi\Company_WebApi\Client\dist\out-tsc\app\common\services\shared.service.spec.js
D:\project\1-new\Company_WebApi\Company_WebApi\Client\dist\out-tsc\app\common\services\shared.service.spec.js.map
D:\project\1-new\Company_WebApi\Company_WebApi\Client\dist\out-tsc\app\common\services\util.service.spec.js
D:\project\1-new\Company_WebApi\Company_WebApi\Client\dist\out-tsc\app\common\services\util.service.spec.js.map
D:\project\1-new\Company_WebApi\Company_WebApi\Client\dist\out-tsc\app\components\add-edit\add-edit.component.spec.js
D:\project\1-new\Company_WebApi\Company_WebApi\Client\dist\out-tsc\app\components\add-edit\add-edit.component.spec.js.map
D:\project\1-new\Company_WebApi\Company_WebApi\Client\dist\out-tsc\app\components\add-edit\ae-assembly-master\ae-assembly-master.component.spec.js
D:\project\1-new\Company_WebApi\Company_WebApi\Client\dist\out-tsc\app\components\add-edit\ae-assembly-master\ae-assembly-master.component.spec.js.map
D:\project\1-new\Company_WebApi\Company_WebApi\Client\dist\out-tsc\app\components\add-edit\ae-bi-master\ae-bi-master.component.spec.js
D:\project\1-new\Company_WebApi\Company_WebApi\Client\dist\out-tsc\app\components\add-edit\ae-bi-master\ae-bi-master.component.spec.js.map
D:\project\1-new\Company_WebApi\Company_WebApi\Client\dist\out-tsc\app\components\add-edit\ae-component-master\ae-component-master.component.spec.js
D:\project\1-new\Company_WebApi\Company_WebApi\Client\dist\out-tsc\app\components\add-edit\ae-component-master\ae-component-master.component.spec.js.map
D:\project\1-new\Company_WebApi\Company_WebApi\Client\dist\out-tsc\app\components\add-edit\ae-ctq-master\ae-ctq-master.component.spec.js
D:\project\1-new\Company_WebApi\Company_WebApi\Client\dist\out-tsc\app\components\add-edit\ae-ctq-master\ae-ctq-master.component.spec.js.map
D:\project\1-new\Company_WebApi\Company_WebApi\Client\dist\out-tsc\app\components\add-edit\ae-customer-master\ae-customer-master.component.spec.js
D:\project\1-new\Company_WebApi\Company_WebApi\Client\dist\out-tsc\app\components\add-edit\ae-customer-master\ae-customer-master.component.spec.js.map
D:\project\1-new\Company_WebApi\Company_WebApi\Client\dist\out-tsc\app\components\add-edit\ae-dummy-po-master\ae-dummy-po-master.component.spec.js
D:\project\1-new\Company_WebApi\Company_WebApi\Client\dist\out-tsc\app\components\add-edit\ae-dummy-po-master\ae-dummy-po-master.component.spec.js.map
D:\project\1-new\Company_WebApi\Company_WebApi\Client\dist\out-tsc\app\components\add-edit\ae-im-raw-mat-master\ae-im-raw-mat-master.component.spec.js
D:\project\1-new\Company_WebApi\Company_WebApi\Client\dist\out-tsc\app\components\add-edit\ae-im-raw-mat-master\ae-im-raw-mat-master.component.spec.js.map
D:\project\1-new\Company_WebApi\Company_WebApi\Client\dist\out-tsc\app\components\add-edit\ae-item-master\ae-item-master.component.spec.js
D:\project\1-new\Company_WebApi\Company_WebApi\Client\dist\out-tsc\app\components\add-edit\ae-item-master\ae-item-master.component.spec.js.map
D:\project\1-new\Company_WebApi\Company_WebApi\Client\dist\out-tsc\app\components\add-edit\ae-open-po-master\ae-open-po-master.component.spec.js
D:\project\1-new\Company_WebApi\Company_WebApi\Client\dist\out-tsc\app\components\add-edit\ae-open-po-master\ae-open-po-master.component.spec.js.map
D:\project\1-new\Company_WebApi\Company_WebApi\Client\dist\out-tsc\app\components\add-edit\ae-po-item-code-match\ae-po-item-code-match.component.spec.js
D:\project\1-new\Company_WebApi\Company_WebApi\Client\dist\out-tsc\app\components\add-edit\ae-po-item-code-match\ae-po-item-code-match.component.spec.js.map
D:\project\1-new\Company_WebApi\Company_WebApi\Client\dist\out-tsc\app\components\add-edit\ae-po-master\ae-po-master.component.spec.js
D:\project\1-new\Company_WebApi\Company_WebApi\Client\dist\out-tsc\app\components\add-edit\ae-po-master\ae-po-master.component.spec.js.map
D:\project\1-new\Company_WebApi\Company_WebApi\Client\dist\out-tsc\app\components\add-edit\ae-price-master\ae-price-master.component.spec.js
D:\project\1-new\Company_WebApi\Company_WebApi\Client\dist\out-tsc\app\components\add-edit\ae-price-master\ae-price-master.component.spec.js.map
D:\project\1-new\Company_WebApi\Company_WebApi\Client\dist\out-tsc\app\components\add-edit\ae-table-master\ae-table-master.component.spec.js
D:\project\1-new\Company_WebApi\Company_WebApi\Client\dist\out-tsc\app\components\add-edit\ae-table-master\ae-table-master.component.spec.js.map
D:\project\1-new\Company_WebApi\Company_WebApi\Client\dist\out-tsc\app\components\admin\admin.component.spec.js
D:\project\1-new\Company_WebApi\Company_WebApi\Client\dist\out-tsc\app\components\admin\admin.component.spec.js.map
D:\project\1-new\Company_WebApi\Company_WebApi\Client\dist\out-tsc\app\components\admin\manage-users\manage-users.component.spec.js
D:\project\1-new\Company_WebApi\Company_WebApi\Client\dist\out-tsc\app\components\admin\manage-users\manage-users.component.spec.js.map
D:\project\1-new\Company_WebApi\Company_WebApi\Client\dist\out-tsc\app\components\admin\user-access\user-access.component.spec.js
D:\project\1-new\Company_WebApi\Company_WebApi\Client\dist\out-tsc\app\components\admin\user-access\user-access.component.spec.js.map
D:\project\1-new\Company_WebApi\Company_WebApi\Client\dist\out-tsc\app\components\ae-dummy-po\ae-dummy-po.component.spec.js
D:\project\1-new\Company_WebApi\Company_WebApi\Client\dist\out-tsc\app\components\ae-dummy-po\ae-dummy-po.component.spec.js.map
D:\project\1-new\Company_WebApi\Company_WebApi\Client\dist\out-tsc\app\components\consolidaton-report\consolidaton-report.component.spec.js
D:\project\1-new\Company_WebApi\Company_WebApi\Client\dist\out-tsc\app\components\consolidaton-report\consolidaton-report.component.spec.js.map
D:\project\1-new\Company_WebApi\Company_WebApi\Client\dist\out-tsc\app\components\demo\add-grn\add-grn.component.spec.js
D:\project\1-new\Company_WebApi\Company_WebApi\Client\dist\out-tsc\app\components\demo\add-grn\add-grn.component.spec.js.map
D:\project\1-new\Company_WebApi\Company_WebApi\Client\dist\out-tsc\app\components\demo\add-loc\add-loc.component.spec.js
D:\project\1-new\Company_WebApi\Company_WebApi\Client\dist\out-tsc\app\components\demo\add-loc\add-loc.component.spec.js.map
D:\project\1-new\Company_WebApi\Company_WebApi\Client\dist\out-tsc\app\components\demo\grn-master\grn-master.component.spec.js
D:\project\1-new\Company_WebApi\Company_WebApi\Client\dist\out-tsc\app\components\demo\grn-master\grn-master.component.spec.js.map
D:\project\1-new\Company_WebApi\Company_WebApi\Client\dist\out-tsc\app\components\demo\load-grn\load-grn.component.spec.js
D:\project\1-new\Company_WebApi\Company_WebApi\Client\dist\out-tsc\app\components\demo\load-grn\load-grn.component.spec.js.map
D:\project\1-new\Company_WebApi\Company_WebApi\Client\dist\out-tsc\app\components\demo\loc-master\loc-master.component.spec.js
D:\project\1-new\Company_WebApi\Company_WebApi\Client\dist\out-tsc\app\components\demo\loc-master\loc-master.component.spec.js.map
D:\project\1-new\Company_WebApi\Company_WebApi\Client\dist\out-tsc\app\components\demo\qr-print-grn\qr-print-grn.component.spec.js
D:\project\1-new\Company_WebApi\Company_WebApi\Client\dist\out-tsc\app\components\demo\qr-print-grn\qr-print-grn.component.spec.js.map
D:\project\1-new\Company_WebApi\Company_WebApi\Client\dist\out-tsc\app\components\demo\qr-print-loc\qr-print-loc.component.spec.js
D:\project\1-new\Company_WebApi\Company_WebApi\Client\dist\out-tsc\app\components\demo\qr-print-loc\qr-print-loc.component.spec.js.map
D:\project\1-new\Company_WebApi\Company_WebApi\Client\dist\out-tsc\app\components\dummy-nesting\dummy-nesting.component.spec.js
D:\project\1-new\Company_WebApi\Company_WebApi\Client\dist\out-tsc\app\components\dummy-nesting\dummy-nesting.component.spec.js.map
D:\project\1-new\Company_WebApi\Company_WebApi\Client\dist\out-tsc\app\components\dummy-po-upload\dummy-po-upload.component.spec.js
D:\project\1-new\Company_WebApi\Company_WebApi\Client\dist\out-tsc\app\components\dummy-po-upload\dummy-po-upload.component.spec.js.map
D:\project\1-new\Company_WebApi\Company_WebApi\Client\dist\out-tsc\app\components\excel-export\excel-export.component.spec.js
D:\project\1-new\Company_WebApi\Company_WebApi\Client\dist\out-tsc\app\components\excel-export\excel-export.component.spec.js.map
D:\project\1-new\Company_WebApi\Company_WebApi\Client\dist\out-tsc\app\components\excel-export\ee-assembly-master\ee-assembly-master.component.spec.js
D:\project\1-new\Company_WebApi\Company_WebApi\Client\dist\out-tsc\app\components\excel-export\ee-assembly-master\ee-assembly-master.component.spec.js.map
D:\project\1-new\Company_WebApi\Company_WebApi\Client\dist\out-tsc\app\components\excel-export\ee-bi-master\ee-bi-master.component.spec.js
D:\project\1-new\Company_WebApi\Company_WebApi\Client\dist\out-tsc\app\components\excel-export\ee-bi-master\ee-bi-master.component.spec.js.map
D:\project\1-new\Company_WebApi\Company_WebApi\Client\dist\out-tsc\app\components\excel-export\ee-component-master\ee-component-master.component.spec.js
D:\project\1-new\Company_WebApi\Company_WebApi\Client\dist\out-tsc\app\components\excel-export\ee-component-master\ee-component-master.component.spec.js.map
D:\project\1-new\Company_WebApi\Company_WebApi\Client\dist\out-tsc\app\components\excel-export\ee-ctq-master\ee-ctq-master.component.spec.js
D:\project\1-new\Company_WebApi\Company_WebApi\Client\dist\out-tsc\app\components\excel-export\ee-ctq-master\ee-ctq-master.component.spec.js.map
D:\project\1-new\Company_WebApi\Company_WebApi\Client\dist\out-tsc\app\components\excel-export\ee-customer-master\ee-customer-master.component.spec.js
D:\project\1-new\Company_WebApi\Company_WebApi\Client\dist\out-tsc\app\components\excel-export\ee-customer-master\ee-customer-master.component.spec.js.map
D:\project\1-new\Company_WebApi\Company_WebApi\Client\dist\out-tsc\app\components\excel-export\ee-dummy-po-master\ee-dummy-po-master.component.spec.js
D:\project\1-new\Company_WebApi\Company_WebApi\Client\dist\out-tsc\app\components\excel-export\ee-dummy-po-master\ee-dummy-po-master.component.spec.js.map
D:\project\1-new\Company_WebApi\Company_WebApi\Client\dist\out-tsc\app\components\excel-export\ee-im-raw-mat-master\ee-im-raw-mat-master.component.spec.js
D:\project\1-new\Company_WebApi\Company_WebApi\Client\dist\out-tsc\app\components\excel-export\ee-im-raw-mat-master\ee-im-raw-mat-master.component.spec.js.map
D:\project\1-new\Company_WebApi\Company_WebApi\Client\dist\out-tsc\app\components\excel-export\ee-item-master\ee-item-master.component.spec.js
D:\project\1-new\Company_WebApi\Company_WebApi\Client\dist\out-tsc\app\components\excel-export\ee-item-master\ee-item-master.component.spec.js.map
D:\project\1-new\Company_WebApi\Company_WebApi\Client\dist\out-tsc\app\components\excel-export\ee-nesting-master\ee-nesting-master.component.spec.js
D:\project\1-new\Company_WebApi\Company_WebApi\Client\dist\out-tsc\app\components\excel-export\ee-nesting-master\ee-nesting-master.component.spec.js.map
D:\project\1-new\Company_WebApi\Company_WebApi\Client\dist\out-tsc\app\components\excel-export\ee-open-po-master\ee-open-po-master.component.spec.js
D:\project\1-new\Company_WebApi\Company_WebApi\Client\dist\out-tsc\app\components\excel-export\ee-open-po-master\ee-open-po-master.component.spec.js.map
D:\project\1-new\Company_WebApi\Company_WebApi\Client\dist\out-tsc\app\components\excel-export\ee-po-item-code-match\ee-po-item-code-match.component.spec.js
D:\project\1-new\Company_WebApi\Company_WebApi\Client\dist\out-tsc\app\components\excel-export\ee-po-item-code-match\ee-po-item-code-match.component.spec.js.map
D:\project\1-new\Company_WebApi\Company_WebApi\Client\dist\out-tsc\app\components\excel-export\ee-po-master\ee-po-master.component.spec.js
D:\project\1-new\Company_WebApi\Company_WebApi\Client\dist\out-tsc\app\components\excel-export\ee-po-master\ee-po-master.component.spec.js.map
D:\project\1-new\Company_WebApi\Company_WebApi\Client\dist\out-tsc\app\components\excel-export\ee-price-master\ee-price-master.component.spec.js
D:\project\1-new\Company_WebApi\Company_WebApi\Client\dist\out-tsc\app\components\excel-export\ee-price-master\ee-price-master.component.spec.js.map
D:\project\1-new\Company_WebApi\Company_WebApi\Client\dist\out-tsc\app\components\excel-export\ee-table-master\ee-table-master.component.spec.js
D:\project\1-new\Company_WebApi\Company_WebApi\Client\dist\out-tsc\app\components\excel-export\ee-table-master\ee-table-master.component.spec.js.map
D:\project\1-new\Company_WebApi\Company_WebApi\Client\dist\out-tsc\app\components\header\header.component.spec.js
D:\project\1-new\Company_WebApi\Company_WebApi\Client\dist\out-tsc\app\components\header\header.component.spec.js.map
D:\project\1-new\Company_WebApi\Company_WebApi\Client\dist\out-tsc\app\components\home\home.component.spec.js
D:\project\1-new\Company_WebApi\Company_WebApi\Client\dist\out-tsc\app\components\home\home.component.spec.js.map
D:\project\1-new\Company_WebApi\Company_WebApi\Client\dist\out-tsc\app\components\item-image-upload\item-image-upload.component.spec.js
D:\project\1-new\Company_WebApi\Company_WebApi\Client\dist\out-tsc\app\components\item-image-upload\item-image-upload.component.spec.js.map
D:\project\1-new\Company_WebApi\Company_WebApi\Client\dist\out-tsc\app\components\login\login.component.spec.js
D:\project\1-new\Company_WebApi\Company_WebApi\Client\dist\out-tsc\app\components\login\login.component.spec.js.map
D:\project\1-new\Company_WebApi\Company_WebApi\Client\dist\out-tsc\app\components\missing-list\missing-list.component.spec.js
D:\project\1-new\Company_WebApi\Company_WebApi\Client\dist\out-tsc\app\components\missing-list\missing-list.component.spec.js.map
D:\project\1-new\Company_WebApi\Company_WebApi\Client\dist\out-tsc\app\components\nesting\nesting.component.spec.js
D:\project\1-new\Company_WebApi\Company_WebApi\Client\dist\out-tsc\app\components\nesting\nesting.component.spec.js.map
D:\project\1-new\Company_WebApi\Company_WebApi\Client\dist\out-tsc\app\components\nesting-upload\nesting-upload.component.spec.js
D:\project\1-new\Company_WebApi\Company_WebApi\Client\dist\out-tsc\app\components\nesting-upload\nesting-upload.component.spec.js.map
D:\project\1-new\Company_WebApi\Company_WebApi\Client\dist\out-tsc\app\components\po-approval\po-approval.component.spec.js
D:\project\1-new\Company_WebApi\Company_WebApi\Client\dist\out-tsc\app\components\po-approval\po-approval.component.spec.js.map
D:\project\1-new\Company_WebApi\Company_WebApi\Client\dist\out-tsc\app\components\po-load-day\po-load-day.component.spec.js
D:\project\1-new\Company_WebApi\Company_WebApi\Client\dist\out-tsc\app\components\po-load-day\po-load-day.component.spec.js.map
D:\project\1-new\Company_WebApi\Company_WebApi\Client\dist\out-tsc\app\components\po-loaded\po-loaded.component.spec.js
D:\project\1-new\Company_WebApi\Company_WebApi\Client\dist\out-tsc\app\components\po-loaded\po-loaded.component.spec.js.map
D:\project\1-new\Company_WebApi\Company_WebApi\Client\dist\out-tsc\app\components\qa\ctq-scan\ctq-scan.component.spec.js
D:\project\1-new\Company_WebApi\Company_WebApi\Client\dist\out-tsc\app\components\qa\ctq-scan\ctq-scan.component.spec.js.map
D:\project\1-new\Company_WebApi\Company_WebApi\Client\dist\out-tsc\app\components\qa\item-qa-edit\item-qa-edit.component.spec.js
D:\project\1-new\Company_WebApi\Company_WebApi\Client\dist\out-tsc\app\components\qa\item-qa-edit\item-qa-edit.component.spec.js.map
D:\project\1-new\Company_WebApi\Company_WebApi\Client\dist\out-tsc\app\components\qa\process-signoff\process-signoff.component.spec.js
D:\project\1-new\Company_WebApi\Company_WebApi\Client\dist\out-tsc\app\components\qa\process-signoff\process-signoff.component.spec.js.map
D:\project\1-new\Company_WebApi\Company_WebApi\Client\dist\out-tsc\app\components\qa\tracking-list\tracking-list.component.spec.js
D:\project\1-new\Company_WebApi\Company_WebApi\Client\dist\out-tsc\app\components\qa\tracking-list\tracking-list.component.spec.js.map
D:\project\1-new\Company_WebApi\Company_WebApi\Client\dist\out-tsc\app\components\qr\non-laser-print\non-laser-print.component.spec.js
D:\project\1-new\Company_WebApi\Company_WebApi\Client\dist\out-tsc\app\components\qr\non-laser-print\non-laser-print.component.spec.js.map
D:\project\1-new\Company_WebApi\Company_WebApi\Client\dist\out-tsc\app\components\qr\print-qr\print-qr.component.spec.js
D:\project\1-new\Company_WebApi\Company_WebApi\Client\dist\out-tsc\app\components\qr\print-qr\print-qr.component.spec.js.map
D:\project\1-new\Company_WebApi\Company_WebApi\Client\dist\out-tsc\app\components\qr\re-print-qr\re-print-qr.component.spec.js
D:\project\1-new\Company_WebApi\Company_WebApi\Client\dist\out-tsc\app\components\qr\re-print-qr\re-print-qr.component.spec.js.map
D:\project\1-new\Company_WebApi\Company_WebApi\Client\dist\out-tsc\app\components\qr\scan-qr\scan-qr.component.spec.js
D:\project\1-new\Company_WebApi\Company_WebApi\Client\dist\out-tsc\app\components\qr\scan-qr\scan-qr.component.spec.js.map
D:\project\1-new\Company_WebApi\Company_WebApi\Client\dist\out-tsc\app\components\qr\scanned-records\scanned-records.component.spec.js
D:\project\1-new\Company_WebApi\Company_WebApi\Client\dist\out-tsc\app\components\qr\scanned-records\scanned-records.component.spec.js.map
D:\project\1-new\Company_WebApi\Company_WebApi\Client\dist\out-tsc\app\components\qr-generate\qr-generate.component.spec.js
D:\project\1-new\Company_WebApi\Company_WebApi\Client\dist\out-tsc\app\components\qr-generate\qr-generate.component.spec.js.map
D:\project\1-new\Company_WebApi\Company_WebApi\Client\dist\out-tsc\app\components\upload\upload.component.spec.js
D:\project\1-new\Company_WebApi\Company_WebApi\Client\dist\out-tsc\app\components\upload\upload.component.spec.js.map
D:\project\1-new\Company_WebApi\Company_WebApi\Client\dist\out-tsc\app\components\upload\assembly-master\assembly-master.component.spec.js
D:\project\1-new\Company_WebApi\Company_WebApi\Client\dist\out-tsc\app\components\upload\assembly-master\assembly-master.component.spec.js.map
D:\project\1-new\Company_WebApi\Company_WebApi\Client\dist\out-tsc\app\components\upload\bi-master\bi-master.component.spec.js
D:\project\1-new\Company_WebApi\Company_WebApi\Client\dist\out-tsc\app\components\upload\bi-master\bi-master.component.spec.js.map
D:\project\1-new\Company_WebApi\Company_WebApi\Client\dist\out-tsc\app\components\upload\component-master\component-master.component.spec.js
D:\project\1-new\Company_WebApi\Company_WebApi\Client\dist\out-tsc\app\components\upload\component-master\component-master.component.spec.js.map
D:\project\1-new\Company_WebApi\Company_WebApi\Client\dist\out-tsc\app\components\upload\ctq-master\ctq-master.component.spec.js
D:\project\1-new\Company_WebApi\Company_WebApi\Client\dist\out-tsc\app\components\upload\ctq-master\ctq-master.component.spec.js.map
D:\project\1-new\Company_WebApi\Company_WebApi\Client\dist\out-tsc\app\components\upload\customer-master\customer-master.component.spec.js
D:\project\1-new\Company_WebApi\Company_WebApi\Client\dist\out-tsc\app\components\upload\customer-master\customer-master.component.spec.js.map
D:\project\1-new\Company_WebApi\Company_WebApi\Client\dist\out-tsc\app\components\upload\dummy-po-master\dummy-po-master.component.spec.js
D:\project\1-new\Company_WebApi\Company_WebApi\Client\dist\out-tsc\app\components\upload\dummy-po-master\dummy-po-master.component.spec.js.map
D:\project\1-new\Company_WebApi\Company_WebApi\Client\dist\out-tsc\app\components\upload\im-raw-mat-master\im-raw-mat-master.component.spec.js
D:\project\1-new\Company_WebApi\Company_WebApi\Client\dist\out-tsc\app\components\upload\im-raw-mat-master\im-raw-mat-master.component.spec.js.map
D:\project\1-new\Company_WebApi\Company_WebApi\Client\dist\out-tsc\app\components\upload\item-master\item-master.component.spec.js
D:\project\1-new\Company_WebApi\Company_WebApi\Client\dist\out-tsc\app\components\upload\item-master\item-master.component.spec.js.map
D:\project\1-new\Company_WebApi\Company_WebApi\Client\dist\out-tsc\app\components\upload\open-po-master\open-po-master.component.spec.js
D:\project\1-new\Company_WebApi\Company_WebApi\Client\dist\out-tsc\app\components\upload\open-po-master\open-po-master.component.spec.js.map
D:\project\1-new\Company_WebApi\Company_WebApi\Client\dist\out-tsc\app\components\upload\po-item-code-match\po-item-code-match.component.spec.js
D:\project\1-new\Company_WebApi\Company_WebApi\Client\dist\out-tsc\app\components\upload\po-item-code-match\po-item-code-match.component.spec.js.map
D:\project\1-new\Company_WebApi\Company_WebApi\Client\dist\out-tsc\app\components\upload\po-master\po-master.component.spec.js
D:\project\1-new\Company_WebApi\Company_WebApi\Client\dist\out-tsc\app\components\upload\po-master\po-master.component.spec.js.map
D:\project\1-new\Company_WebApi\Company_WebApi\Client\dist\out-tsc\app\components\upload\price-master\price-master.component.spec.js
D:\project\1-new\Company_WebApi\Company_WebApi\Client\dist\out-tsc\app\components\upload\price-master\price-master.component.spec.js.map
D:\project\1-new\Company_WebApi\Company_WebApi\Client\dist\out-tsc\environments\environment.prod.js
D:\project\1-new\Company_WebApi\Company_WebApi\Client\dist\out-tsc\environments\environment.prod.js.map
